<?xml version="1.0" encoding="UTF-8" ?>
<testsuite failures="1" time="0.396" errors="0" skipped="1" tests="2" name="org.osaf.caldav4j.google.methods.GooglePutGetTest">
  <properties>
    <property name="java.runtime.name" value="Java(TM) SE Runtime Environment"/>
    <property name="sun.boot.library.path" value="/System/Library/Java/JavaVirtualMachines/1.6.0.jdk/Contents/Libraries"/>
    <property name="java.vm.version" value="20.65-b04-462"/>
    <property name="awt.nativeDoubleBuffering" value="true"/>
    <property name="gopherProxySet" value="false"/>
    <property name="mrj.build" value="11M4609"/>
    <property name="java.vm.vendor" value="Apple Inc."/>
    <property name="java.vendor.url" value="http://www.apple.com/"/>
    <property name="path.separator" value=":"/>
    <property name="java.vm.name" value="Java HotSpot(TM) 64-Bit Server VM"/>
    <property name="file.encoding.pkg" value="sun.io"/>
    <property name="user.country" value="FR"/>
    <property name="sun.java.launcher" value="SUN_STANDARD"/>
    <property name="sun.os.patch.level" value="unknown"/>
    <property name="java.vm.specification.name" value="Java Virtual Machine Specification"/>
    <property name="user.dir" value="/Users/richard/Documents/travail/projet-Hubo/calc-android/hubo-calc/test-caldav4j/caldav4j-read-only"/>
    <property name="java.runtime.version" value="1.6.0_65-b14-462-11M4609"/>
    <property name="java.awt.graphicsenv" value="apple.awt.CGraphicsEnvironment"/>
    <property name="basedir" value="/Users/richard/Documents/travail/projet-Hubo/calc-android/hubo-calc/test-caldav4j/caldav4j-read-only"/>
    <property name="java.endorsed.dirs" value="/System/Library/Java/JavaVirtualMachines/1.6.0.jdk/Contents/Home/lib/endorsed"/>
    <property name="os.arch" value="x86_64"/>
    <property name="surefire.real.class.path" value="/Users/richard/Documents/travail/projet-Hubo/calc-android/hubo-calc/test-caldav4j/caldav4j-read-only/target/surefire/surefirebooter3174507291450127776.jar"/>
    <property name="java.io.tmpdir" value="/var/folders/lm/t7zsgx7d32df816nf1m2jbvh0000gn/T/"/>
    <property name="line.separator" value="
"/>
    <property name="java.vm.specification.vendor" value="Sun Microsystems Inc."/>
    <property name="os.name" value="Mac OS X"/>
    <property name="sun.jnu.encoding" value="MacRoman"/>
    <property name="java.library.path" value=".:/Library/Java/Extensions:/System/Library/Java/Extensions:/usr/lib/java"/>
    <property name="surefire.test.class.path" value="/Users/richard/Documents/travail/projet-Hubo/calc-android/hubo-calc/test-caldav4j/caldav4j-read-only/target/test-classes:/Users/richard/Documents/travail/projet-Hubo/calc-android/hubo-calc/test-caldav4j/caldav4j-read-only/target/classes:/Users/richard/.m2/repository/commons-lang/commons-lang/2.0/commons-lang-2.0.jar:/Users/richard/.m2/repository/commons-logging/commons-logging/1.0.4/commons-logging-1.0.4.jar:/Users/richard/.m2/repository/commons-collections/commons-collections/2.1.1/commons-collections-2.1.1.jar:/Users/richard/.m2/repository/org/mnode/ical4j/ical4j/1.0.3/ical4j-1.0.3.jar:/Users/richard/.m2/repository/commons-codec/commons-codec/1.5/commons-codec-1.5.jar:/Users/richard/.m2/repository/backport-util-concurrent/backport-util-concurrent/3.1/backport-util-concurrent-3.1.jar:/Users/richard/.m2/repository/log4j/log4j/1.2.8/log4j-1.2.8.jar:/Users/richard/.m2/repository/slide/jakarta-slide-webdavlib/2.2pre1-httpclient-3.0/jakarta-slide-webdavlib-2.2pre1-httpclient-3.0.jar:/Users/richard/.m2/repository/jdom/jdom/1.0/jdom-1.0.jar:/Users/richard/.m2/repository/de/zeigermann/xml/xml-im-exporter/1.1/xml-im-exporter-1.1.jar:/Users/richard/.m2/repository/commons-httpclient/commons-httpclient/3.1/commons-httpclient-3.1.jar:/Users/richard/.m2/repository/castor/castor/0.9.9.1/castor-0.9.9.1.jar:/Users/richard/.m2/repository/net/sf/ehcache/ehcache/1.2/ehcache-1.2.jar:/Users/richard/.m2/repository/xerces/xercesImpl/2.9.1/xercesImpl-2.9.1.jar:/Users/richard/.m2/repository/xml-apis/xml-apis/1.3.02/xml-apis-1.3.02.jar:/Users/richard/.m2/repository/xalan/serializer/2.7.0/serializer-2.7.0.jar:/Users/richard/.m2/repository/xalan/xalan/2.7.0/xalan-2.7.0.jar:/Users/richard/.m2/repository/junit/junit/4.4/junit-4.4.jar:"/>
    <property name="java.specification.name" value="Java Platform API Specification"/>
    <property name="java.class.version" value="50.0"/>
    <property name="sun.management.compiler" value="HotSpot 64-Bit Tiered Compilers"/>
    <property name="os.version" value="10.7.5"/>
    <property name="http.nonProxyHosts" value="local|*.local|169.254/16|*.169.254/16"/>
    <property name="user.home" value="/Users/richard"/>
    <property name="user.timezone" value="Europe/Paris"/>
    <property name="java.awt.printerjob" value="apple.awt.CPrinterJob"/>
    <property name="java.specification.version" value="1.6"/>
    <property name="file.encoding" value="MacRoman"/>
    <property name="user.name" value="richard"/>
    <property name="java.class.path" value="/Users/richard/Documents/travail/projet-Hubo/calc-android/hubo-calc/test-caldav4j/caldav4j-read-only/target/test-classes:/Users/richard/Documents/travail/projet-Hubo/calc-android/hubo-calc/test-caldav4j/caldav4j-read-only/target/classes:/Users/richard/.m2/repository/commons-lang/commons-lang/2.0/commons-lang-2.0.jar:/Users/richard/.m2/repository/commons-logging/commons-logging/1.0.4/commons-logging-1.0.4.jar:/Users/richard/.m2/repository/commons-collections/commons-collections/2.1.1/commons-collections-2.1.1.jar:/Users/richard/.m2/repository/org/mnode/ical4j/ical4j/1.0.3/ical4j-1.0.3.jar:/Users/richard/.m2/repository/commons-codec/commons-codec/1.5/commons-codec-1.5.jar:/Users/richard/.m2/repository/backport-util-concurrent/backport-util-concurrent/3.1/backport-util-concurrent-3.1.jar:/Users/richard/.m2/repository/log4j/log4j/1.2.8/log4j-1.2.8.jar:/Users/richard/.m2/repository/slide/jakarta-slide-webdavlib/2.2pre1-httpclient-3.0/jakarta-slide-webdavlib-2.2pre1-httpclient-3.0.jar:/Users/richard/.m2/repository/jdom/jdom/1.0/jdom-1.0.jar:/Users/richard/.m2/repository/de/zeigermann/xml/xml-im-exporter/1.1/xml-im-exporter-1.1.jar:/Users/richard/.m2/repository/commons-httpclient/commons-httpclient/3.1/commons-httpclient-3.1.jar:/Users/richard/.m2/repository/castor/castor/0.9.9.1/castor-0.9.9.1.jar:/Users/richard/.m2/repository/net/sf/ehcache/ehcache/1.2/ehcache-1.2.jar:/Users/richard/.m2/repository/xerces/xercesImpl/2.9.1/xercesImpl-2.9.1.jar:/Users/richard/.m2/repository/xml-apis/xml-apis/1.3.02/xml-apis-1.3.02.jar:/Users/richard/.m2/repository/xalan/serializer/2.7.0/serializer-2.7.0.jar:/Users/richard/.m2/repository/xalan/xalan/2.7.0/xalan-2.7.0.jar:/Users/richard/.m2/repository/junit/junit/4.4/junit-4.4.jar:"/>
    <property name="java.vm.specification.version" value="1.0"/>
    <property name="sun.arch.data.model" value="64"/>
    <property name="java.home" value="/System/Library/Java/JavaVirtualMachines/1.6.0.jdk/Contents/Home"/>
    <property name="sun.java.command" value="/Users/richard/Documents/travail/projet-Hubo/calc-android/hubo-calc/test-caldav4j/caldav4j-read-only/target/surefire/surefirebooter3174507291450127776.jar /Users/richard/Documents/travail/projet-Hubo/calc-android/hubo-calc/test-caldav4j/caldav4j-read-only/target/surefire/surefire7818367294469160216tmp /Users/richard/Documents/travail/projet-Hubo/calc-android/hubo-calc/test-caldav4j/caldav4j-read-only/target/surefire/surefire8963045941839450920tmp"/>
    <property name="java.specification.vendor" value="Sun Microsystems Inc."/>
    <property name="user.language" value="fr"/>
    <property name="awt.toolkit" value="apple.awt.CToolkit"/>
    <property name="java.vm.info" value="mixed mode"/>
    <property name="java.version" value="1.6.0_65"/>
    <property name="java.ext.dirs" value="/Library/Java/Extensions:/System/Library/Java/Extensions:/System/Library/Java/JavaVirtualMachines/1.6.0.jdk/Contents/Home/lib/ext"/>
    <property name="sun.boot.class.path" value="/System/Library/Java/JavaVirtualMachines/1.6.0.jdk/Contents/Classes/jsfd.jar:/System/Library/Java/JavaVirtualMachines/1.6.0.jdk/Contents/Classes/classes.jar:/System/Library/Frameworks/JavaVM.framework/Frameworks/JavaRuntimeSupport.framework/Resources/Java/JavaRuntimeSupport.jar:/System/Library/Java/JavaVirtualMachines/1.6.0.jdk/Contents/Classes/ui.jar:/System/Library/Java/JavaVirtualMachines/1.6.0.jdk/Contents/Classes/laf.jar:/System/Library/Java/JavaVirtualMachines/1.6.0.jdk/Contents/Classes/sunrsasign.jar:/System/Library/Java/JavaVirtualMachines/1.6.0.jdk/Contents/Classes/jsse.jar:/System/Library/Java/JavaVirtualMachines/1.6.0.jdk/Contents/Classes/jce.jar:/System/Library/Java/JavaVirtualMachines/1.6.0.jdk/Contents/Classes/charsets.jar"/>
    <property name="java.vendor" value="Apple Inc."/>
    <property name="localRepository" value="/Users/richard/.m2/repository"/>
    <property name="file.separator" value="/"/>
    <property name="java.vendor.url.bug" value="http://bugreport.apple.com/"/>
    <property name="sun.cpu.endian" value="little"/>
    <property name="sun.io.unicode.encoding" value="UnicodeLittle"/>
    <property name="mrj.version" value="1070.1.6.0_65-462"/>
    <property name="socksNonProxyHosts" value="local|*.local|169.254/16|*.169.254/16"/>
    <property name="ftp.nonProxyHosts" value="local|*.local|169.254/16|*.169.254/16"/>
    <property name="sun.cpu.isalist" value=""/>
  </properties>
  <testcase time="0.399" classname="org.osaf.caldav4j.google.methods.GooglePutGetTest" name="testAddRemoveRecurringCalendarResource">
    <skipped/>
  </testcase>
  <testcase time="0.39" classname="org.osaf.caldav4j.google.methods.GooglePutGetTest" name="testAddRemoveCalendarResource">
    <failure message="Response status expected:&lt;201&gt; but was:&lt;404&gt;" type="java.lang.AssertionError">java.lang.AssertionError: Response status expected:&lt;201&gt; but was:&lt;404&gt;
	at org.junit.Assert.fail(Assert.java:74)
	at org.junit.Assert.failNotEquals(Assert.java:448)
	at org.junit.Assert.assertEquals(Assert.java:102)
	at org.junit.Assert.assertEquals(Assert.java:323)
	at org.osaf.caldav4j.support.HttpClientTestUtils.executeMethod(HttpClientTestUtils.java:87)
	at org.osaf.caldav4j.functional.support.CalDavFixture.executeMethod(CalDavFixture.java:171)
	at org.osaf.caldav4j.functional.support.CalDavFixture.executeMethod(CalDavFixture.java:160)
	at org.osaf.caldav4j.functional.support.CalDavFixture.makeCalendar(CalDavFixture.java:126)
	at org.osaf.caldav4j.functional.support.CalDavFixture.setUp(CalDavFixture.java:99)
	at org.osaf.caldav4j.functional.support.CalDavFixture.setUp(CalDavFixture.java:85)
	at org.osaf.caldav4j.BaseTestCase.setUp(BaseTestCase.java:54)
	at org.osaf.caldav4j.google.methods.GooglePutGetTest.setUp(GooglePutGetTest.java:48)
	at sun.reflect.NativeMethodAccessorImpl.invoke0(Native Method)
	at sun.reflect.NativeMethodAccessorImpl.invoke(NativeMethodAccessorImpl.java:39)
	at sun.reflect.DelegatingMethodAccessorImpl.invoke(DelegatingMethodAccessorImpl.java:25)
	at java.lang.reflect.Method.invoke(Method.java:597)
	at org.junit.internal.runners.MethodRoadie.runBefores(MethodRoadie.java:122)
	at org.junit.internal.runners.MethodRoadie.runBeforesThenTestThenAfters(MethodRoadie.java:86)
	at org.junit.internal.runners.MethodRoadie.runTest(MethodRoadie.java:77)
	at org.junit.internal.runners.MethodRoadie.run(MethodRoadie.java:42)
	at org.junit.internal.runners.JUnit4ClassRunner.invokeTestMethod(JUnit4ClassRunner.java:88)
	at org.junit.internal.runners.JUnit4ClassRunner.runMethods(JUnit4ClassRunner.java:51)
	at org.junit.internal.runners.JUnit4ClassRunner$1.run(JUnit4ClassRunner.java:44)
	at org.junit.internal.runners.ClassRoadie.runUnprotected(ClassRoadie.java:27)
	at org.junit.internal.runners.ClassRoadie.runProtected(ClassRoadie.java:37)
	at org.junit.internal.runners.JUnit4ClassRunner.run(JUnit4ClassRunner.java:42)
	at org.apache.maven.surefire.junit4.JUnit4TestSet.execute(JUnit4TestSet.java:35)
	at org.apache.maven.surefire.junit4.JUnit4Provider.executeTestSet(JUnit4Provider.java:115)
	at org.apache.maven.surefire.junit4.JUnit4Provider.invoke(JUnit4Provider.java:97)
	at sun.reflect.NativeMethodAccessorImpl.invoke0(Native Method)
	at sun.reflect.NativeMethodAccessorImpl.invoke(NativeMethodAccessorImpl.java:39)
	at sun.reflect.DelegatingMethodAccessorImpl.invoke(DelegatingMethodAccessorImpl.java:25)
	at java.lang.reflect.Method.invoke(Method.java:597)
	at org.apache.maven.surefire.booter.ProviderFactory$ClassLoaderProxy.invoke(ProviderFactory.java:103)
	at com.sun.proxy.$Proxy0.invoke(Unknown Source)
	at org.apache.maven.surefire.booter.SurefireStarter.invokeProvider(SurefireStarter.java:150)
	at org.apache.maven.surefire.booter.SurefireStarter.runSuitesInProcess(SurefireStarter.java:91)
	at org.apache.maven.surefire.booter.ForkedBooter.main(ForkedBooter.java:69)
</failure>
  </testcase>
</testsuite>